<?xml version="1.0" encoding="UTF-8"?>
<testsuite name="com.registry.coach.SpecificationVerificationTest" tests="5" skipped="0" failures="0" errors="0" timestamp="2026-09-06T17:06:57" hostname="GALAXYBOOK3-360" time="0.08">
  <properties/>
  <testcase name="rule 6 - sensitive package filter blocks before tree access" classname="com.registry.coach.SpecificationVerificationTest" time="0.019"/>
  <testcase name="rule 10 - suggestions are distinct from executable workflows" classname="com.registry.coach.SpecificationVerificationTest" time="0.025"/>
  <testcase name="rule 11 - cooldown and timeout boundaries prevent loops" classname="com.registry.coach.SpecificationVerificationTest" time="0.0"/>
  <testcase name="rule 9 - deterministic fallback when AICore or Nano is unavailable" classname="com.registry.coach.SpecificationVerificationTest" time="0.032"/>
  <testcase name="rule 4 - pattern strictly requires at least 3 occurrences" classname="com.registry.coach.SpecificationVerificationTest" time="0.002"/>
  <system-out><![CDATA[]]></system-out>
  <system-err><![CDATA[]]></system-err>
</testsuite>
