<?xml version="1.0" encoding="UTF-8"?>
<testsuite name="com.registry.coach.engine.PatternEngineTest" tests="2" skipped="0" failures="0" errors="0" timestamp="2026-09-06T17:06:57" hostname="GALAXYBOOK3-360" time="0.0">
  <properties/>
  <testcase name="filters sensitive applications before a pattern exists" classname="com.registry.coach.engine.PatternEngineTest" time="0.0"/>
  <testcase name="requires three repeated transitions" classname="com.registry.coach.engine.PatternEngineTest" time="0.0"/>
  <system-out><![CDATA[]]></system-out>
  <system-err><![CDATA[]]></system-err>
</testsuite>
